<?xml version="1.0" encoding="UTF-8"?>
<testsuite xmlns:xsi="http://www.w3.org/2001/XMLSchema-instance" xsi:noNamespaceSchemaLocation="https://maven.apache.org/surefire/maven-surefire-plugin/xsd/surefire-test-report.xsd" name="lt.school.mell.MellApplicationTests" time="0.011" tests="1" errors="1" skipped="0" failures="0">
  <properties>
[...]
</properties>
  <testcase name="insertSurvey" classname="lt.school.mell.MellApplicationTests" time="0.011">
    <error message="C:\Users\liangtao\Desktop\MBTI_1 (2).xlsx (系统找不到指定的文件。)" type="java.io.FileNotFoundException">java.io.FileNotFoundException: C:\Users\liangtao\Desktop\MBTI_1 (2).xlsx (系统找不到指定的文件。)
	at lt.school.mell.MellApplicationTests.insertSurvey(MellApplicationTests.java:45)
</error>
  </testcase>
</testsuite>